C:\USERS\LENOVO\DOCUMENTS\VISUAL STUDIO 2010\PROJECTS\EXTENDED PL0 COMPILER\DEBUG\EXTENDED PL0 COMPILER.EXE
C:\USERS\LENOVO\DOCUMENTS\VISUAL STUDIO 2010\PROJECTS\EXTENDED PL0 COMPILER\DEBUG\EXTENDED PL0 COMPILER.EXE.MANIFEST
C:\USERS\LENOVO\DOCUMENTS\VISUAL STUDIO 2010\PROJECTS\EXTENDED PL0 COMPILER\DEBUG\EXTENDED PL0 COMPILER.ILK
C:\USERS\LENOVO\DOCUMENTS\VISUAL STUDIO 2010\PROJECTS\EXTENDED PL0 COMPILER\DEBUG\EXTENDED PL0 COMPILER.PDB
C:\Users\lenovo\Documents\Visual Studio 2010\Projects\Extended PL0 Compiler\Extended PL0 Compiler\Debug\cl.command.1.tlog
C:\Users\lenovo\Documents\Visual Studio 2010\Projects\Extended PL0 Compiler\Extended PL0 Compiler\Debug\CL.read.1.tlog
C:\Users\lenovo\Documents\Visual Studio 2010\Projects\Extended PL0 Compiler\Extended PL0 Compiler\Debug\CL.write.1.tlog
C:\USERS\LENOVO\DOCUMENTS\VISUAL STUDIO 2010\PROJECTS\EXTENDED PL0 COMPILER\EXTENDED PL0 COMPILER\DEBUG\CODE.OBJ
C:\USERS\LENOVO\DOCUMENTS\VISUAL STUDIO 2010\PROJECTS\EXTENDED PL0 COMPILER\EXTENDED PL0 COMPILER\DEBUG\DECL.OBJ
C:\USERS\LENOVO\DOCUMENTS\VISUAL STUDIO 2010\PROJECTS\EXTENDED PL0 COMPILER\EXTENDED PL0 COMPILER\DEBUG\ERROR.OBJ
C:\USERS\LENOVO\DOCUMENTS\VISUAL STUDIO 2010\PROJECTS\EXTENDED PL0 COMPILER\EXTENDED PL0 COMPILER\DEBUG\EXPRESSION.OBJ
C:\USERS\LENOVO\DOCUMENTS\VISUAL STUDIO 2010\PROJECTS\EXTENDED PL0 COMPILER\EXTENDED PL0 COMPILER\DEBUG\EXTENDED PL0 COMPILER.EXE.INTERMEDIATE.MANIFEST
C:\USERS\LENOVO\DOCUMENTS\VISUAL STUDIO 2010\PROJECTS\EXTENDED PL0 COMPILER\EXTENDED PL0 COMPILER\DEBUG\EXTENDED PL0 COMPILER.OBJ
C:\USERS\LENOVO\DOCUMENTS\VISUAL STUDIO 2010\PROJECTS\EXTENDED PL0 COMPILER\EXTENDED PL0 COMPILER\DEBUG\EXTENDED PL0 COMPILER.PCH
C:\Users\lenovo\Documents\Visual Studio 2010\Projects\Extended PL0 Compiler\Extended PL0 Compiler\Debug\Extended PL0 Compiler.vcxprojResolveAssemblyReference.cache
C:\Users\lenovo\Documents\Visual Studio 2010\Projects\Extended PL0 Compiler\Extended PL0 Compiler\Debug\Extended PL0 Compiler.write.1.tlog
C:\USERS\LENOVO\DOCUMENTS\VISUAL STUDIO 2010\PROJECTS\EXTENDED PL0 COMPILER\EXTENDED PL0 COMPILER\DEBUG\GETVALUE.OBJ
C:\USERS\LENOVO\DOCUMENTS\VISUAL STUDIO 2010\PROJECTS\EXTENDED PL0 COMPILER\EXTENDED PL0 COMPILER\DEBUG\INTERPRET.OBJ
C:\Users\lenovo\Documents\Visual Studio 2010\Projects\Extended PL0 Compiler\Extended PL0 Compiler\Debug\link.command.1.tlog
C:\Users\lenovo\Documents\Visual Studio 2010\Projects\Extended PL0 Compiler\Extended PL0 Compiler\Debug\link.read.1.tlog
C:\Users\lenovo\Documents\Visual Studio 2010\Projects\Extended PL0 Compiler\Extended PL0 Compiler\Debug\link.write.1.tlog
C:\Users\lenovo\Documents\Visual Studio 2010\Projects\Extended PL0 Compiler\Extended PL0 Compiler\Debug\mt.command.1.tlog
C:\Users\lenovo\Documents\Visual Studio 2010\Projects\Extended PL0 Compiler\Extended PL0 Compiler\Debug\mt.read.1.tlog
C:\Users\lenovo\Documents\Visual Studio 2010\Projects\Extended PL0 Compiler\Extended PL0 Compiler\Debug\mt.write.1.tlog
C:\USERS\LENOVO\DOCUMENTS\VISUAL STUDIO 2010\PROJECTS\EXTENDED PL0 COMPILER\EXTENDED PL0 COMPILER\DEBUG\PROC.OBJ
C:\USERS\LENOVO\DOCUMENTS\VISUAL STUDIO 2010\PROJECTS\EXTENDED PL0 COMPILER\EXTENDED PL0 COMPILER\DEBUG\SKIP.OBJ
C:\USERS\LENOVO\DOCUMENTS\VISUAL STUDIO 2010\PROJECTS\EXTENDED PL0 COMPILER\EXTENDED PL0 COMPILER\DEBUG\STATEMENT.OBJ
C:\USERS\LENOVO\DOCUMENTS\VISUAL STUDIO 2010\PROJECTS\EXTENDED PL0 COMPILER\EXTENDED PL0 COMPILER\DEBUG\STDAFX.OBJ
C:\USERS\LENOVO\DOCUMENTS\VISUAL STUDIO 2010\PROJECTS\EXTENDED PL0 COMPILER\EXTENDED PL0 COMPILER\DEBUG\SYMBOL.OBJ
C:\USERS\LENOVO\DOCUMENTS\VISUAL STUDIO 2010\PROJECTS\EXTENDED PL0 COMPILER\EXTENDED PL0 COMPILER\DEBUG\TABLE.OBJ
C:\Users\lenovo\Documents\Visual Studio 2010\Projects\Extended PL0 Compiler\Extended PL0 Compiler\Debug\vc100.idb
C:\USERS\LENOVO\DOCUMENTS\VISUAL STUDIO 2010\PROJECTS\EXTENDED PL0 COMPILER\EXTENDED PL0 COMPILER\DEBUG\VC100.PDB
