生成启动时间为 2018/1/16 17:15:58。
     1>项目“C:\Users\lenovo\Documents\Visual Studio 2010\Projects\Extended PL0 Compiler\Extended PL0 Compiler\Extended PL0 Compiler.vcxproj”在节点 2 上(build 个目标)。
     1>InitializeBuildStatus:
         正在创建“Debug\Extended PL0 Compiler.unsuccessfulbuild”，因为已指定“AlwaysCreate”。
       ClCompile:
         所有输出均为最新。
         F:\VS2010\VC\bin\CL.exe /c /ZI /nologo /W3 /WX- /Od /Oy- /D WIN32 /D _DEBUG /D _CONSOLE /D _UNICODE /D UNICODE /Gm /EHsc /RTC1 /MDd /GS /fp:precise /Zc:wchar_t /Zc:forScope /Yu"StdAfx.h" /Fp"Debug\Extended PL0 Compiler.pch" /Fo"Debug\\" /Fd"Debug\vc100.pdb" /Gd /TP /analyze- /errorReport:prompt proc.cpp
         proc.cpp
     1>c:\users\lenovo\documents\visual studio 2010\projects\extended pl0 compiler\extended pl0 compiler\proc.cpp(37): warning C4996: 'strcpy': This function or variable may be unsafe. Consider using strcpy_s instead. To disable deprecation, use _CRT_SECURE_NO_WARNINGS. See online help for details.
                 f:\vs2010\vc\include\string.h(105) : 参见“strcpy”的声明
     1>c:\users\lenovo\documents\visual studio 2010\projects\extended pl0 compiler\extended pl0 compiler\proc.cpp(42): warning C4996: 'strcpy': This function or variable may be unsafe. Consider using strcpy_s instead. To disable deprecation, use _CRT_SECURE_NO_WARNINGS. See online help for details.
                 f:\vs2010\vc\include\string.h(105) : 参见“strcpy”的声明
     1>c:\users\lenovo\documents\visual studio 2010\projects\extended pl0 compiler\extended pl0 compiler\proc.cpp(185): warning C4996: 'strcpy': This function or variable may be unsafe. Consider using strcpy_s instead. To disable deprecation, use _CRT_SECURE_NO_WARNINGS. See online help for details.
                 f:\vs2010\vc\include\string.h(105) : 参见“strcpy”的声明
       Link:
         F:\VS2010\VC\bin\link.exe /ERRORREPORT:PROMPT /OUT:"C:\Users\lenovo\Documents\Visual Studio 2010\Projects\Extended PL0 Compiler\Debug\Extended PL0 Compiler.exe" /INCREMENTAL /NOLOGO kernel32.lib user32.lib gdi32.lib winspool.lib comdlg32.lib advapi32.lib shell32.lib ole32.lib oleaut32.lib uuid.lib odbc32.lib odbccp32.lib /MANIFEST /ManifestFile:"Debug\Extended PL0 Compiler.exe.intermediate.manifest" /MANIFESTUAC:"level='asInvoker' uiAccess='false'" /DEBUG /PDB:"C:\Users\lenovo\Documents\Visual Studio 2010\Projects\Extended PL0 Compiler\Debug\Extended PL0 Compiler.pdb" /SUBSYSTEM:CONSOLE /TLBID:1 /DYNAMICBASE /NXCOMPAT /IMPLIB:"C:\Users\lenovo\Documents\Visual Studio 2010\Projects\Extended PL0 Compiler\Debug\Extended PL0 Compiler.lib" /MACHINE:X86 Debug\code.obj
         Debug\decl.obj
         Debug\expression.obj
         Debug\getvalue.obj
         Debug\error.obj
         "Debug\Extended PL0 Compiler.obj"
         Debug\interpret.obj
         Debug\proc.obj
         Debug\skip.obj
         Debug\statement.obj
         Debug\stdafx.obj
         Debug\symbol.obj
         Debug\table.obj
         Extended PL0 Compiler.vcxproj -> C:\Users\lenovo\Documents\Visual Studio 2010\Projects\Extended PL0 Compiler\Debug\Extended PL0 Compiler.exe
       Manifest:
         c:\Program Files (x86)\Microsoft SDKs\Windows\v7.0A\bin\mt.exe /nologo /verbose /out:"C:\Users\lenovo\Documents\Visual Studio 2010\Projects\Extended PL0 Compiler\Debug\Extended PL0 Compiler.exe.manifest" /manifest "Debug\Extended PL0 Compiler.exe.intermediate.manifest"
       FinalizeBuildStatus:
         正在删除文件“Debug\Extended PL0 Compiler.unsuccessfulbuild”。
         正在对“Debug\Extended PL0 Compiler.lastbuildstate”执行 Touch 任务。
     1>已完成生成项目“C:\Users\lenovo\Documents\Visual Studio 2010\Projects\Extended PL0 Compiler\Extended PL0 Compiler\Extended PL0 Compiler.vcxproj”(build 个目标)的操作。

生成成功。

已用时间 00:00:00.35
